Traceback (most recent call last):
  File "/users/PAS2136/jjivandas/CSE-5525/CSE_5525_HW3/train_t5.py", line 8, in <module>
    import wandb
  File "/users/PAS2136/jjivandas/.conda/envs/hw3/lib/python3.10/site-packages/wandb/__init__.py", line 26, in <module>
    from wandb import sdk as wandb_sdk
  File "/users/PAS2136/jjivandas/.conda/envs/hw3/lib/python3.10/site-packages/wandb/sdk/__init__.py", line 4, in <module>
    from .artifacts.artifact import Artifact  # noqa: F401
  File "/users/PAS2136/jjivandas/.conda/envs/hw3/lib/python3.10/site-packages/wandb/sdk/artifacts/artifact.py", line 36, in <module>
    from wandb.apis.normalize import normalize_exceptions
  File "/users/PAS2136/jjivandas/.conda/envs/hw3/lib/python3.10/site-packages/wandb/apis/__init__.py", line 43, in <module>
    from .internal import Api as InternalApi  # noqa
  File "/users/PAS2136/jjivandas/.conda/envs/hw3/lib/python3.10/site-packages/wandb/apis/internal.py", line 3, in <module>
    from wandb.sdk.internal.internal_api import Api as InternalApi
  File "/users/PAS2136/jjivandas/.conda/envs/hw3/lib/python3.10/site-packages/wandb/sdk/internal/internal_api.py", line 48, in <module>
    from ..lib import retry
  File "/users/PAS2136/jjivandas/.conda/envs/hw3/lib/python3.10/site-packages/wandb/sdk/lib/retry.py", line 17, in <module>
    from .mailbox import ContextCancelledError
  File "/users/PAS2136/jjivandas/.conda/envs/hw3/lib/python3.10/site-packages/wandb/sdk/lib/mailbox.py", line 10, in <module>
    from wandb.proto import wandb_internal_pb2 as pb
  File "/users/PAS2136/jjivandas/.conda/envs/hw3/lib/python3.10/site-packages/wandb/proto/wandb_internal_pb2.py", line 8, in <module>
    from wandb.proto.v4.wandb_internal_pb2 import *
  File "/users/PAS2136/jjivandas/.conda/envs/hw3/lib/python3.10/site-packages/wandb/proto/v4/wandb_internal_pb2.py", line 5, in <module>
    from google.protobuf.internal import builder as _builder
  File "/users/PAS2136/jjivandas/.conda/envs/hw3/lib/python3.10/site-packages/google/protobuf/internal/builder.py", line 18, in <module>
    from google.protobuf.internal import python_message
  File "/users/PAS2136/jjivandas/.conda/envs/hw3/lib/python3.10/site-packages/google/protobuf/internal/python_message.py", line 38, in <module>
    from google.protobuf import text_format
  File "/users/PAS2136/jjivandas/.conda/envs/hw3/lib/python3.10/site-packages/google/protobuf/text_format.py", line 29, in <module>
    from google.protobuf.internal import decoder
  File "/users/PAS2136/jjivandas/.conda/envs/hw3/lib/python3.10/site-packages/google/protobuf/internal/decoder.py", line 63, in <module>
    from google.protobuf.internal import containers
  File "<frozen importlib._bootstrap>", line 1027, in _find_and_load
  File "<frozen importlib._bootstrap>", line 1006, in _find_and_load_unlocked
  File "<frozen importlib._bootstrap>", line 688, in _load_unlocked
  File "<frozen importlib._bootstrap_external>", line 879, in exec_module
  File "<frozen importlib._bootstrap_external>", line 975, in get_code
  File "<frozen importlib._bootstrap_external>", line 1074, in get_data
KeyboardInterrupt
Traceback (most recent call last):
  File "/users/PAS2136/jjivandas/CSE-5525/CSE_5525_HW3/train_t5.py", line 8, in <module>
    import wandb
  File "/users/PAS2136/jjivandas/.conda/envs/hw3/lib/python3.10/site-packages/wandb/__init__.py", line 26, in <module>
    from wandb import sdk as wandb_sdk
  File "/users/PAS2136/jjivandas/.conda/envs/hw3/lib/python3.10/site-packages/wandb/sdk/__init__.py", line 3, in <module>
    from . import wandb_helper as helper  # noqa: F401
  File "/users/PAS2136/jjivandas/.conda/envs/hw3/lib/python3.10/site-packages/wandb/sdk/wandb_helper.py", line 6, in <module>
    from .lib import config_util
  File "/users/PAS2136/jjivandas/.conda/envs/hw3/lib/python3.10/site-packages/wandb/sdk/lib/config_util.py", line 10, in <module>
    from wandb.util import load_yaml
  File "/users/PAS2136/jjivandas/.conda/envs/hw3/lib/python3.10/site-packages/wandb/util.py", line 56, in <module>
    import wandb.env
  File "/users/PAS2136/jjivandas/.conda/envs/hw3/lib/python3.10/site-packages/wandb/env.py", line 16, in <module>
    from distutils.util import strtobool
  File "<frozen importlib._bootstrap>", line 1027, in _find_and_load
  File "<frozen importlib._bootstrap>", line 1002, in _find_and_load_unlocked
  File "<frozen importlib._bootstrap>", line 945, in _find_spec
  File "/users/PAS2136/jjivandas/.conda/envs/hw3/lib/python3.10/site-packages/_distutils_hack/__init__.py", line 109, in find_spec
    return method()
  File "/users/PAS2136/jjivandas/.conda/envs/hw3/lib/python3.10/site-packages/_distutils_hack/__init__.py", line 120, in spec_for_distutils
    mod = importlib.import_module('setuptools._distutils')
  File "/users/PAS2136/jjivandas/.conda/envs/hw3/lib/python3.10/importlib/__init__.py", line 126, in import_module
    return _bootstrap._gcd_import(name[level:], package, level)
  File "/users/PAS2136/jjivandas/.conda/envs/hw3/lib/python3.10/site-packages/setuptools/__init__.py", line 24, in <module>
    from .depends import Require
  File "/users/PAS2136/jjivandas/.conda/envs/hw3/lib/python3.10/site-packages/setuptools/depends.py", line 12, in <module>
    from . import _imp
  File "<frozen importlib._bootstrap>", line 1027, in _find_and_load
  File "<frozen importlib._bootstrap>", line 1006, in _find_and_load_unlocked
  File "<frozen importlib._bootstrap>", line 688, in _load_unlocked
  File "<frozen importlib._bootstrap_external>", line 879, in exec_module
  File "<frozen importlib._bootstrap_external>", line 975, in get_code
  File "<frozen importlib._bootstrap_external>", line 1074, in get_data
KeyboardInterrupt
